2025-03-18 13:47:42 - INFO - c.vivelibre.prueba.PruebaApplication - Starting PruebaApplication using Java 17.0.11 with PID 6572 (C:\Users\Alvaro\eclipse-workspace\PruebaViveLibre\prueba\api-consumidora\target\classes started by Alvaro in C:\Users\Alvaro\eclipse-workspace\PruebaViveLibre\prueba\api-consumidora)
2025-03-18 13:47:42 - INFO - c.vivelibre.prueba.PruebaApplication - No active profile set, falling back to 1 default profile: "default"
2025-03-18 13:47:43 - INFO - o.s.d.r.c.RepositoryConfigurationDelegate - Bootstrapping Spring Data JPA repositories in DEFAULT mode.
2025-03-18 13:47:43 - INFO - o.s.d.r.c.RepositoryConfigurationDelegate - Finished Spring Data repository scanning in 14 ms. Found 0 JPA repository interfaces.
2025-03-18 13:47:44 - INFO - o.s.b.w.e.tomcat.TomcatWebServer - Tomcat initialized with port 8080 (http)
2025-03-18 13:47:44 - INFO - o.a.catalina.core.StandardService - Starting service [Tomcat]
2025-03-18 13:47:44 - INFO - o.a.catalina.core.StandardEngine - Starting Servlet engine: [Apache Tomcat/10.1.19]
2025-03-18 13:47:44 - INFO - o.a.c.c.C.[Tomcat].[localhost].[/] - Initializing Spring embedded WebApplicationContext
2025-03-18 13:47:44 - INFO - o.s.b.w.s.c.ServletWebServerApplicationContext - Root WebApplicationContext: initialization completed in 1161 ms
2025-03-18 13:47:44 - WARN - o.s.b.w.s.c.AnnotationConfigServletWebServerApplicationContext - Exception encountered during context initialization - cancelling refresh attempt: org.springframework.beans.factory.UnsatisfiedDependencyException: Error creating bean with name 'dataSourceScriptDatabaseInitializer' defined in class path resource [org/springframework/boot/autoconfigure/sql/init/DataSourceInitializationConfiguration.class]: Unsatisfied dependency expressed through method 'dataSourceScriptDatabaseInitializer' parameter 0: Error creating bean with name 'dataSource' defined in class path resource [org/springframework/boot/autoconfigure/jdbc/DataSourceConfiguration$Hikari.class]: Failed to instantiate [com.zaxxer.hikari.HikariDataSource]: Factory method 'dataSource' threw exception with message: Failed to determine a suitable driver class
2025-03-18 13:47:44 - INFO - o.a.catalina.core.StandardService - Stopping service [Tomcat]
2025-03-18 13:47:44 - INFO - o.s.b.a.l.ConditionEvaluationReportLogger - 

Error starting ApplicationContext. To display the condition evaluation report re-run your application with 'debug' enabled.
2025-03-18 13:47:44 - ERROR - o.s.b.d.LoggingFailureAnalysisReporter - 

***************************
APPLICATION FAILED TO START
***************************

Description:

Failed to configure a DataSource: 'url' attribute is not specified and no embedded datasource could be configured.

Reason: Failed to determine a suitable driver class


Action:

Consider the following:
	If you want an embedded database (H2, HSQL or Derby), please put it on the classpath.
	If you have database settings to be loaded from a particular profile you may need to activate it (no profiles are currently active).

2025-03-18 13:48:10 - INFO - c.vivelibre.prueba.PruebaApplication - Starting PruebaApplication using Java 17.0.11 with PID 16092 (C:\Users\Alvaro\eclipse-workspace\PruebaViveLibre\prueba\api-consumidora\target\classes started by Alvaro in C:\Users\Alvaro\eclipse-workspace\PruebaViveLibre\prueba\api-consumidora)
2025-03-18 13:48:10 - INFO - c.vivelibre.prueba.PruebaApplication - No active profile set, falling back to 1 default profile: "default"
2025-03-18 13:48:11 - INFO - o.s.d.r.c.RepositoryConfigurationDelegate - Bootstrapping Spring Data JPA repositories in DEFAULT mode.
2025-03-18 13:48:11 - INFO - o.s.d.r.c.RepositoryConfigurationDelegate - Finished Spring Data repository scanning in 13 ms. Found 0 JPA repository interfaces.
2025-03-18 13:48:11 - INFO - o.s.b.w.e.tomcat.TomcatWebServer - Tomcat initialized with port 8080 (http)
2025-03-18 13:48:11 - INFO - o.a.catalina.core.StandardService - Starting service [Tomcat]
2025-03-18 13:48:11 - INFO - o.a.catalina.core.StandardEngine - Starting Servlet engine: [Apache Tomcat/10.1.19]
2025-03-18 13:48:11 - INFO - o.a.c.c.C.[Tomcat].[localhost].[/] - Initializing Spring embedded WebApplicationContext
2025-03-18 13:48:11 - INFO - o.s.b.w.s.c.ServletWebServerApplicationContext - Root WebApplicationContext: initialization completed in 1061 ms
2025-03-18 13:48:11 - WARN - o.s.b.w.s.c.AnnotationConfigServletWebServerApplicationContext - Exception encountered during context initialization - cancelling refresh attempt: org.springframework.beans.factory.UnsatisfiedDependencyException: Error creating bean with name 'dataSourceScriptDatabaseInitializer' defined in class path resource [org/springframework/boot/autoconfigure/sql/init/DataSourceInitializationConfiguration.class]: Unsatisfied dependency expressed through method 'dataSourceScriptDatabaseInitializer' parameter 0: Error creating bean with name 'dataSource' defined in class path resource [org/springframework/boot/autoconfigure/jdbc/DataSourceConfiguration$Hikari.class]: Failed to instantiate [com.zaxxer.hikari.HikariDataSource]: Factory method 'dataSource' threw exception with message: Failed to determine a suitable driver class
2025-03-18 13:48:11 - INFO - o.a.catalina.core.StandardService - Stopping service [Tomcat]
2025-03-18 13:48:11 - INFO - o.s.b.a.l.ConditionEvaluationReportLogger - 

Error starting ApplicationContext. To display the condition evaluation report re-run your application with 'debug' enabled.
2025-03-18 13:48:11 - ERROR - o.s.b.d.LoggingFailureAnalysisReporter - 

***************************
APPLICATION FAILED TO START
***************************

Description:

Failed to configure a DataSource: 'url' attribute is not specified and no embedded datasource could be configured.

Reason: Failed to determine a suitable driver class


Action:

Consider the following:
	If you want an embedded database (H2, HSQL or Derby), please put it on the classpath.
	If you have database settings to be loaded from a particular profile you may need to activate it (no profiles are currently active).

2025-03-18 13:51:07 - INFO - c.vivelibre.prueba.PruebaApplication - Starting PruebaApplication using Java 17.0.11 with PID 15024 (C:\Users\Alvaro\eclipse-workspace\PruebaViveLibre\prueba\api-consumidora\target\classes started by Alvaro in C:\Users\Alvaro\eclipse-workspace\PruebaViveLibre\prueba\api-consumidora)
2025-03-18 13:51:07 - INFO - c.vivelibre.prueba.PruebaApplication - No active profile set, falling back to 1 default profile: "default"
2025-03-18 13:51:08 - INFO - o.s.b.w.e.tomcat.TomcatWebServer - Tomcat initialized with port 8080 (http)
2025-03-18 13:51:08 - INFO - o.a.catalina.core.StandardService - Starting service [Tomcat]
2025-03-18 13:51:08 - INFO - o.a.catalina.core.StandardEngine - Starting Servlet engine: [Apache Tomcat/10.1.19]
2025-03-18 13:51:08 - INFO - o.a.c.c.C.[Tomcat].[localhost].[/] - Initializing Spring embedded WebApplicationContext
2025-03-18 13:51:08 - INFO - o.s.b.w.s.c.ServletWebServerApplicationContext - Root WebApplicationContext: initialization completed in 760 ms
2025-03-18 13:51:09 - INFO - c.v.p.books.services.BookService - Iniciando la carga de libros desde el archivo JSON.
2025-03-18 13:51:09 - INFO - c.v.p.books.services.BookService - Libros cargados correctamente desde JSON.
2025-03-18 13:51:09 - DEBUG - o.s.w.s.m.m.a.RequestMappingHandlerMapping - 7 mappings in 'requestMappingHandlerMapping'
2025-03-18 13:51:09 - DEBUG - o.s.w.s.c.a.WebMvcConfigurer - Default resource handling disabled
2025-03-18 13:51:09 - DEBUG - o.s.w.s.m.m.a.RequestMappingHandlerAdapter - ControllerAdvice beans: 0 @ModelAttribute, 0 @InitBinder, 1 RequestBodyAdvice, 1 ResponseBodyAdvice
2025-03-18 13:51:09 - DEBUG - o.s.w.s.m.m.a.ExceptionHandlerExceptionResolver - ControllerAdvice beans: 1 @ExceptionHandler, 1 ResponseBodyAdvice
2025-03-18 13:51:09 - INFO - o.s.b.w.e.tomcat.TomcatWebServer - Tomcat started on port 8080 (http) with context path ''
2025-03-18 13:51:09 - INFO - c.vivelibre.prueba.PruebaApplication - Started PruebaApplication in 1.862 seconds (process running for 2.128)
2025-03-18 13:51:19 - INFO - o.a.c.c.C.[Tomcat].[localhost].[/] - Initializing Spring DispatcherServlet 'dispatcherServlet'
2025-03-18 13:51:19 - INFO - o.s.web.servlet.DispatcherServlet - Initializing Servlet 'dispatcherServlet'
2025-03-18 13:51:19 - DEBUG - o.s.web.servlet.DispatcherServlet - Detected StandardServletMultipartResolver
2025-03-18 13:51:19 - DEBUG - o.s.web.servlet.DispatcherServlet - Detected AcceptHeaderLocaleResolver
2025-03-18 13:51:19 - DEBUG - o.s.web.servlet.DispatcherServlet - Detected FixedThemeResolver
2025-03-18 13:51:19 - DEBUG - o.s.web.servlet.DispatcherServlet - Detected org.springframework.web.servlet.view.DefaultRequestToViewNameTranslator@2b8b1805
2025-03-18 13:51:19 - DEBUG - o.s.web.servlet.DispatcherServlet - Detected org.springframework.web.servlet.support.SessionFlashMapManager@7e3c3335
2025-03-18 13:51:19 - DEBUG - o.s.web.servlet.DispatcherServlet - enableLoggingRequestDetails='false': request parameters and headers will be masked to prevent unsafe logging of potentially sensitive data
2025-03-18 13:51:19 - INFO - o.s.web.servlet.DispatcherServlet - Completed initialization in 8 ms
2025-03-18 13:51:19 - DEBUG - o.s.web.servlet.DispatcherServlet - GET "/", parameters={}
2025-03-18 13:51:19 - WARN - o.s.web.servlet.PageNotFound - No mapping for GET /
2025-03-18 13:51:19 - DEBUG - o.s.w.s.m.m.a.ExceptionHandlerExceptionResolver - Using @ExceptionHandler com.vivelibre.prueba.error.GlobalExceptionHandler#handleNotFound(NoHandlerFoundException)
2025-03-18 13:51:19 - ERROR - c.v.p.error.GlobalExceptionHandler - Error 404 - Recurso no encontrado: No endpoint GET /.
2025-03-18 13:51:19 - DEBUG - o.s.w.s.m.m.a.HttpEntityMethodProcessor - Using 'application/json;q=0.8', given [text/html, application/xhtml+xml, application/xml;q=0.9, */*;q=0.8] and supported [application/json, application/*+json]
2025-03-18 13:51:19 - DEBUG - o.s.w.s.m.m.a.HttpEntityMethodProcessor - Writing [com.vivelibre.prueba.error.beans.ErrorResponse@600f71f8]
2025-03-18 13:51:19 - DEBUG - o.s.w.s.m.m.a.ExceptionHandlerExceptionResolver - Resolved [org.springframework.web.servlet.NoHandlerFoundException: No endpoint GET /.]
2025-03-18 13:51:19 - DEBUG - o.s.web.servlet.DispatcherServlet - Completed 404 NOT_FOUND
2025-03-18 13:51:19 - DEBUG - o.s.web.servlet.DispatcherServlet - GET "/favicon.ico", parameters={}
2025-03-18 13:51:19 - WARN - o.s.web.servlet.PageNotFound - No mapping for GET /favicon.ico
2025-03-18 13:51:19 - DEBUG - o.s.w.s.m.m.a.ExceptionHandlerExceptionResolver - Using @ExceptionHandler com.vivelibre.prueba.error.GlobalExceptionHandler#handleNotFound(NoHandlerFoundException)
2025-03-18 13:51:19 - ERROR - c.v.p.error.GlobalExceptionHandler - Error 404 - Recurso no encontrado: No endpoint GET /favicon.ico.
2025-03-18 13:51:19 - DEBUG - o.s.w.s.m.m.a.HttpEntityMethodProcessor - Using 'application/json;q=0.5', given [image/avif, image/webp, image/png, image/svg+xml, image/*;q=0.8, */*;q=0.5] and supported [application/json, application/*+json]
2025-03-18 13:51:19 - DEBUG - o.s.w.s.m.m.a.HttpEntityMethodProcessor - Writing [com.vivelibre.prueba.error.beans.ErrorResponse@3ac60a67]
2025-03-18 13:51:19 - DEBUG - o.s.w.s.m.m.a.ExceptionHandlerExceptionResolver - Resolved [org.springframework.web.servlet.NoHandlerFoundException: No endpoint GET /favicon.ico.]
2025-03-18 13:51:19 - DEBUG - o.s.web.servlet.DispatcherServlet - Completed 404 NOT_FOUND
2025-03-18 13:51:29 - DEBUG - o.s.web.servlet.DispatcherServlet - GET "/api/books/filter", parameters={}
2025-03-18 13:51:29 - DEBUG - o.s.w.s.m.m.a.RequestMappingHandlerMapping - Mapped to com.vivelibre.prueba.books.controller.BookController#filterBooks()
2025-03-18 13:51:29 - INFO - c.v.p.books.services.BookService - [BookService] Iniciando el filtrado de libros con más de 400 páginas o cuyo título contenga 'Harry'.
2025-03-18 13:51:29 - INFO - c.v.p.books.services.BookService - [BookService] Se encontraron 5 libros que cumplen con los criterios.
2025-03-18 13:51:29 - DEBUG - o.s.w.s.m.m.a.RequestResponseBodyMethodProcessor - Using 'application/json;q=0.8', given [text/html, application/xhtml+xml, application/xml;q=0.9, */*;q=0.8] and supported [application/json, application/*+json]
2025-03-18 13:51:29 - DEBUG - o.s.w.s.m.m.a.RequestResponseBodyMethodProcessor - Writing [[com.vivelibre.prueba.books.beans.Book@2489e25f, com.vivelibre.prueba.books.beans.Book@b18d64a, com. (truncated)...]
2025-03-18 13:51:29 - DEBUG - o.s.web.servlet.DispatcherServlet - Completed 200 OK
2025-03-18 13:51:29 - DEBUG - o.s.web.servlet.DispatcherServlet - GET "/favicon.ico", parameters={}
2025-03-18 13:51:29 - WARN - o.s.web.servlet.PageNotFound - No mapping for GET /favicon.ico
2025-03-18 13:51:29 - DEBUG - o.s.w.s.m.m.a.ExceptionHandlerExceptionResolver - Using @ExceptionHandler com.vivelibre.prueba.error.GlobalExceptionHandler#handleNotFound(NoHandlerFoundException)
2025-03-18 13:51:29 - ERROR - c.v.p.error.GlobalExceptionHandler - Error 404 - Recurso no encontrado: No endpoint GET /favicon.ico.
2025-03-18 13:51:29 - DEBUG - o.s.w.s.m.m.a.HttpEntityMethodProcessor - Using 'application/json;q=0.5', given [image/avif, image/webp, image/png, image/svg+xml, image/*;q=0.8, */*;q=0.5] and supported [application/json, application/*+json]
2025-03-18 13:51:29 - DEBUG - o.s.w.s.m.m.a.HttpEntityMethodProcessor - Writing [com.vivelibre.prueba.error.beans.ErrorResponse@6a1742d9]
2025-03-18 13:51:29 - DEBUG - o.s.w.s.m.m.a.ExceptionHandlerExceptionResolver - Resolved [org.springframework.web.servlet.NoHandlerFoundException: No endpoint GET /favicon.ico.]
2025-03-18 13:51:29 - DEBUG - o.s.web.servlet.DispatcherServlet - Completed 404 NOT_FOUND
2025-03-18 14:28:50 - INFO - c.vivelibre.prueba.PruebaApplication - Starting PruebaApplication using Java 17.0.11 with PID 3536 (C:\Users\Alvaro\eclipse-workspace\PruebaViveLibre\prueba\api-consumidora\target\classes started by Alvaro in C:\Users\Alvaro\eclipse-workspace\PruebaViveLibre\prueba\api-consumidora)
2025-03-18 14:28:50 - INFO - c.vivelibre.prueba.PruebaApplication - No active profile set, falling back to 1 default profile: "default"
2025-03-18 14:28:51 - INFO - o.s.b.w.e.tomcat.TomcatWebServer - Tomcat initialized with port 8081 (http)
2025-03-18 14:28:51 - INFO - o.a.catalina.core.StandardService - Starting service [Tomcat]
2025-03-18 14:28:51 - INFO - o.a.catalina.core.StandardEngine - Starting Servlet engine: [Apache Tomcat/10.1.19]
2025-03-18 14:28:51 - INFO - o.a.c.c.C.[Tomcat].[localhost].[/] - Initializing Spring embedded WebApplicationContext
2025-03-18 14:28:51 - INFO - o.s.b.w.s.c.ServletWebServerApplicationContext - Root WebApplicationContext: initialization completed in 780 ms
2025-03-18 14:28:51 - INFO - c.v.p.books.services.BookService - Iniciando la carga de libros desde el archivo JSON.
2025-03-18 14:28:51 - INFO - c.v.p.books.services.BookService - Libros cargados correctamente desde JSON.
2025-03-18 14:28:51 - DEBUG - o.s.w.s.m.m.a.RequestMappingHandlerMapping - 7 mappings in 'requestMappingHandlerMapping'
2025-03-18 14:28:51 - DEBUG - o.s.w.s.c.a.WebMvcConfigurer - Default resource handling disabled
2025-03-18 14:28:51 - DEBUG - o.s.w.s.m.m.a.RequestMappingHandlerAdapter - ControllerAdvice beans: 0 @ModelAttribute, 0 @InitBinder, 1 RequestBodyAdvice, 1 ResponseBodyAdvice
2025-03-18 14:28:51 - DEBUG - o.s.w.s.m.m.a.ExceptionHandlerExceptionResolver - ControllerAdvice beans: 1 @ExceptionHandler, 1 ResponseBodyAdvice
2025-03-18 14:28:51 - INFO - o.s.b.w.e.tomcat.TomcatWebServer - Tomcat started on port 8081 (http) with context path ''
2025-03-18 14:28:51 - INFO - c.vivelibre.prueba.PruebaApplication - Started PruebaApplication in 1.804 seconds (process running for 2.073)
2025-03-18 14:29:45 - INFO - o.a.c.c.C.[Tomcat].[localhost].[/] - Initializing Spring DispatcherServlet 'dispatcherServlet'
2025-03-18 14:29:45 - INFO - o.s.web.servlet.DispatcherServlet - Initializing Servlet 'dispatcherServlet'
2025-03-18 14:29:45 - DEBUG - o.s.web.servlet.DispatcherServlet - Detected StandardServletMultipartResolver
2025-03-18 14:29:45 - DEBUG - o.s.web.servlet.DispatcherServlet - Detected AcceptHeaderLocaleResolver
2025-03-18 14:29:45 - DEBUG - o.s.web.servlet.DispatcherServlet - Detected FixedThemeResolver
2025-03-18 14:29:45 - DEBUG - o.s.web.servlet.DispatcherServlet - Detected org.springframework.web.servlet.view.DefaultRequestToViewNameTranslator@345def53
2025-03-18 14:29:45 - DEBUG - o.s.web.servlet.DispatcherServlet - Detected org.springframework.web.servlet.support.SessionFlashMapManager@10208c5a
2025-03-18 14:29:45 - DEBUG - o.s.web.servlet.DispatcherServlet - enableLoggingRequestDetails='false': request parameters and headers will be masked to prevent unsafe logging of potentially sensitive data
2025-03-18 14:29:45 - INFO - o.s.web.servlet.DispatcherServlet - Completed initialization in 4 ms
2025-03-18 14:29:45 - DEBUG - o.s.web.servlet.DispatcherServlet - GET "/api/token", parameters={}
2025-03-18 14:29:45 - DEBUG - o.s.w.s.m.m.a.RequestMappingHandlerMapping - Mapped to com.vivelibre.prueba.auth.controller.AuthController#obtenerToken()
2025-03-18 14:29:45 - DEBUG - o.s.w.r.f.client.ExchangeFunctions - [677feb63] HTTP POST http://localhost:8080/token
2025-03-18 14:29:45 - DEBUG - o.s.w.c.r.async.WebAsyncManager - Started async request
2025-03-18 14:29:45 - DEBUG - o.s.web.servlet.DispatcherServlet - Exiting but response remains open for further handling
2025-03-18 14:29:45 - DEBUG - org.springframework.web.HttpLogging - [677feb63] Writing "{ "username":"auth-vivelibre", "password":"password" }"
2025-03-18 14:29:45 - DEBUG - o.s.w.r.f.client.ExchangeFunctions - [677feb63] [17bb5b3f-1] Response 200 OK
2025-03-18 14:29:45 - DEBUG - org.springframework.web.HttpLogging - [677feb63] [17bb5b3f-1] Decoded [{token=Bearer mock-jwt-token}]
2025-03-18 14:29:45 - DEBUG - o.s.w.c.r.async.WebAsyncManager - Async result set, dispatch to /api/token
2025-03-18 14:29:45 - DEBUG - o.s.web.servlet.DispatcherServlet - "ASYNC" dispatch for GET "/api/token", parameters={}
2025-03-18 14:29:45 - DEBUG - o.s.w.s.m.m.a.RequestMappingHandlerAdapter - Resume with async result [{token=Bearer mock-jwt-token, timestamp=2025-03-18T13:29:45.601294Z}]
2025-03-18 14:29:45 - DEBUG - o.s.w.s.m.m.a.RequestResponseBodyMethodProcessor - Using 'application/json', given [*/*] and supported [application/json, application/*+json]
2025-03-18 14:29:45 - DEBUG - o.s.w.s.m.m.a.RequestResponseBodyMethodProcessor - Writing [{token=Bearer mock-jwt-token, timestamp=2025-03-18T13:29:45.601294Z}]
2025-03-18 14:29:45 - DEBUG - o.s.web.servlet.DispatcherServlet - Exiting from "ASYNC" dispatch, status 200
2025-03-18 15:36:18 - INFO - c.vivelibre.prueba.PruebaApplication - Starting PruebaApplication using Java 17.0.11 with PID 9708 (C:\Users\Alvaro\eclipse-workspace\PruebaViveLibre\prueba\api-consumidora\target\classes started by Alvaro in C:\Users\Alvaro\eclipse-workspace\PruebaViveLibre\prueba\api-consumidora)
2025-03-18 15:36:18 - INFO - c.vivelibre.prueba.PruebaApplication - No active profile set, falling back to 1 default profile: "default"
2025-03-18 15:36:18 - INFO - o.s.b.w.e.tomcat.TomcatWebServer - Tomcat initialized with port 8081 (http)
2025-03-18 15:36:18 - INFO - o.a.catalina.core.StandardService - Starting service [Tomcat]
2025-03-18 15:36:18 - INFO - o.a.catalina.core.StandardEngine - Starting Servlet engine: [Apache Tomcat/10.1.19]
2025-03-18 15:36:18 - INFO - o.a.c.c.C.[Tomcat].[localhost].[/] - Initializing Spring embedded WebApplicationContext
2025-03-18 15:36:18 - INFO - o.s.b.w.s.c.ServletWebServerApplicationContext - Root WebApplicationContext: initialization completed in 750 ms
2025-03-18 15:36:19 - INFO - c.v.p.books.services.BookService - Iniciando la carga de libros desde el archivo JSON.
2025-03-18 15:36:19 - INFO - c.v.p.books.services.BookService - Libros cargados correctamente desde JSON.
2025-03-18 15:36:19 - DEBUG - o.s.w.s.m.m.a.RequestMappingHandlerMapping - 7 mappings in 'requestMappingHandlerMapping'
2025-03-18 15:36:19 - DEBUG - o.s.w.s.c.a.WebMvcConfigurer - Default resource handling disabled
2025-03-18 15:36:19 - DEBUG - o.s.w.s.m.m.a.RequestMappingHandlerAdapter - ControllerAdvice beans: 0 @ModelAttribute, 0 @InitBinder, 1 RequestBodyAdvice, 1 ResponseBodyAdvice
2025-03-18 15:36:19 - DEBUG - o.s.w.s.m.m.a.ExceptionHandlerExceptionResolver - ControllerAdvice beans: 1 @ExceptionHandler, 1 ResponseBodyAdvice
2025-03-18 15:36:19 - INFO - o.s.b.w.e.tomcat.TomcatWebServer - Tomcat started on port 8081 (http) with context path ''
2025-03-18 15:36:19 - INFO - c.vivelibre.prueba.PruebaApplication - Started PruebaApplication in 1.739 seconds (process running for 2.005)
2025-03-18 15:41:09 - INFO - o.a.c.c.C.[Tomcat].[localhost].[/] - Initializing Spring DispatcherServlet 'dispatcherServlet'
2025-03-18 15:41:09 - INFO - o.s.web.servlet.DispatcherServlet - Initializing Servlet 'dispatcherServlet'
2025-03-18 15:41:09 - DEBUG - o.s.web.servlet.DispatcherServlet - Detected StandardServletMultipartResolver
2025-03-18 15:41:09 - DEBUG - o.s.web.servlet.DispatcherServlet - Detected AcceptHeaderLocaleResolver
2025-03-18 15:41:09 - DEBUG - o.s.web.servlet.DispatcherServlet - Detected FixedThemeResolver
2025-03-18 15:41:09 - DEBUG - o.s.web.servlet.DispatcherServlet - Detected org.springframework.web.servlet.view.DefaultRequestToViewNameTranslator@8cf22d5
2025-03-18 15:41:09 - DEBUG - o.s.web.servlet.DispatcherServlet - Detected org.springframework.web.servlet.support.SessionFlashMapManager@a8ddea8
2025-03-18 15:41:09 - DEBUG - o.s.web.servlet.DispatcherServlet - enableLoggingRequestDetails='false': request parameters and headers will be masked to prevent unsafe logging of potentially sensitive data
2025-03-18 15:41:09 - INFO - o.s.web.servlet.DispatcherServlet - Completed initialization in 4 ms
2025-03-18 15:41:09 - DEBUG - o.s.web.servlet.DispatcherServlet - GET "/api/token", parameters={}
2025-03-18 15:41:09 - DEBUG - o.s.w.s.m.m.a.RequestMappingHandlerMapping - Mapped to com.vivelibre.prueba.auth.controller.AuthController#obtenerToken()
2025-03-18 15:41:09 - DEBUG - o.s.w.r.f.client.ExchangeFunctions - [6b600740] HTTP POST http://localhost:8080/token
2025-03-18 15:41:10 - DEBUG - o.s.w.c.r.async.WebAsyncManager - Started async request
2025-03-18 15:41:10 - DEBUG - o.s.web.servlet.DispatcherServlet - Exiting but response remains open for further handling
2025-03-18 15:41:10 - DEBUG - org.springframework.web.HttpLogging - [6b600740] Writing "{ "username":"auth-vivelibre", "password":"password" }"
2025-03-18 15:41:10 - DEBUG - o.s.w.r.f.client.ExchangeFunctions - [6b600740] [93790c0e-1] Response 200 OK
2025-03-18 15:41:10 - DEBUG - org.springframework.web.HttpLogging - [6b600740] [93790c0e-1] Decoded [{token=Bearer mock-jwt-token}]
2025-03-18 15:41:10 - DEBUG - o.s.w.c.r.async.WebAsyncManager - Async result set, dispatch to /api/token
2025-03-18 15:41:10 - DEBUG - o.s.web.servlet.DispatcherServlet - "ASYNC" dispatch for GET "/api/token", parameters={}
2025-03-18 15:41:10 - DEBUG - o.s.w.s.m.m.a.RequestMappingHandlerAdapter - Resume with async result [{token=Bearer mock-jwt-token, timestamp=2025-03-18T14:41:10.177651700Z}]
2025-03-18 15:41:10 - DEBUG - o.s.w.s.m.m.a.RequestResponseBodyMethodProcessor - Using 'application/json', given [*/*] and supported [application/json, application/*+json]
2025-03-18 15:41:10 - DEBUG - o.s.w.s.m.m.a.RequestResponseBodyMethodProcessor - Writing [{token=Bearer mock-jwt-token, timestamp=2025-03-18T14:41:10.177651700Z}]
2025-03-18 15:41:10 - DEBUG - o.s.web.servlet.DispatcherServlet - Exiting from "ASYNC" dispatch, status 200
2025-03-18 15:57:36 - INFO - c.vivelibre.prueba.PruebaApplication - Starting PruebaApplication using Java 17.0.11 with PID 15748 (C:\Users\Alvaro\eclipse-workspace\PruebaViveLibre\prueba\api-consumidora\target\classes started by Alvaro in C:\Users\Alvaro\eclipse-workspace\PruebaViveLibre\prueba\api-consumidora)
2025-03-18 15:57:36 - INFO - c.vivelibre.prueba.PruebaApplication - No active profile set, falling back to 1 default profile: "default"
2025-03-18 15:57:37 - INFO - o.s.b.w.e.tomcat.TomcatWebServer - Tomcat initialized with port 8081 (http)
2025-03-18 15:57:37 - INFO - o.a.catalina.core.StandardService - Starting service [Tomcat]
2025-03-18 15:57:37 - INFO - o.a.catalina.core.StandardEngine - Starting Servlet engine: [Apache Tomcat/10.1.19]
2025-03-18 15:57:37 - INFO - o.a.c.c.C.[Tomcat].[localhost].[/] - Initializing Spring embedded WebApplicationContext
2025-03-18 15:57:37 - INFO - o.s.b.w.s.c.ServletWebServerApplicationContext - Root WebApplicationContext: initialization completed in 766 ms
2025-03-18 15:57:37 - INFO - c.v.p.books.services.BookService - Iniciando la carga de libros desde el archivo JSON.
2025-03-18 15:57:37 - INFO - c.v.p.books.services.BookService - Libros cargados correctamente desde JSON.
2025-03-18 15:57:37 - DEBUG - o.s.w.s.m.m.a.RequestMappingHandlerMapping - 7 mappings in 'requestMappingHandlerMapping'
2025-03-18 15:57:37 - DEBUG - o.s.w.s.c.a.WebMvcConfigurer - Default resource handling disabled
2025-03-18 15:57:37 - DEBUG - o.s.w.s.m.m.a.RequestMappingHandlerAdapter - ControllerAdvice beans: 0 @ModelAttribute, 0 @InitBinder, 1 RequestBodyAdvice, 1 ResponseBodyAdvice
2025-03-18 15:57:37 - DEBUG - o.s.w.s.m.m.a.ExceptionHandlerExceptionResolver - ControllerAdvice beans: 1 @ExceptionHandler, 1 ResponseBodyAdvice
2025-03-18 15:57:37 - INFO - o.s.b.w.e.tomcat.TomcatWebServer - Tomcat started on port 8081 (http) with context path ''
2025-03-18 15:57:37 - INFO - c.vivelibre.prueba.PruebaApplication - Started PruebaApplication in 1.755 seconds (process running for 2.027)
